<?xml version="1.0" encoding="UTF-8"?>
<!-- Generated by org.testng.reporters.JUnitXMLReporter -->
<testsuite hostname="Manish-PC" ignored="0" name="Add Delete Stock Test" tests="2" failures="0" timestamp="14 Aug 2018 03:06:29 GMT" time="0.539" errors="0">
  <testcase name="addStockTest" time="0.003" classname="com.selenium.testcases.stocksuite.AddDelStockTest">
    <skipped/>
  </testcase> <!-- addStockTest -->
  <testcase name="deleteStockTest" time="0.012" classname="com.selenium.testcases.stocksuite.AddDelStockTest">
    <skipped/>
  </testcase> <!-- deleteStockTest -->
</testsuite> <!-- Add Delete Stock Test -->
