<?xml version="1.0" encoding="UTF-8"?>
<!-- Generated by org.testng.reporters.JUnitXMLReporter -->
<testsuite hostname="Manish-PC" ignored="0" name="Add Delete Stock Test" tests="2" failures="0" timestamp="18 Oct 2018 03:32:14 GMT" time="0.157" errors="0">
  <testcase name="addStockTest" time="0.002" classname="com.selenium.testcases.stocksuite.AddDelStockTest">
    <skipped/>
  </testcase> <!-- addStockTest -->
  <testcase name="deleteStockTest" time="0.0" classname="com.selenium.testcases.stocksuite.AddDelStockTest">
    <skipped/>
  </testcase> <!-- deleteStockTest -->
</testsuite> <!-- Add Delete Stock Test -->
