<?xml version="1.0" encoding="UTF-8"?>
<!-- Generated by org.testng.reporters.JUnitXMLReporter -->
<testsuite hostname="Manish-PC" ignored="0" name="Portfolio Test" tests="2" failures="0" timestamp="18 Oct 2018 03:32:15 GMT" time="0.219" errors="0">
  <testcase name="buyOrSellStockTest" time="0.003" classname="com.selenium.testcases.stocksuite.BuySellStockTest">
    <skipped/>
  </testcase> <!-- buyOrSellStockTest -->
  <testcase name="checkTransactionHistoryTest" time="0.003" classname="com.selenium.testcases.stocksuite.BuySellStockTest">
    <skipped/>
  </testcase> <!-- checkTransactionHistoryTest -->
</testsuite> <!-- Portfolio Test -->
