<?xml version="1.0" encoding="UTF-8"?>
<!-- Generated by org.testng.reporters.JUnitXMLReporter -->
<testsuite hostname="Manish-PC" ignored="0" name="Default test" tests="2" failures="0" timestamp="06 May 2019 17:43:18 GMT" time="47.591" errors="0">
  <testcase name="loginTest" time="45.643" classname="com.selenium.testcases.portfoliosuite.LoginTest"/>
  <testcase name="loginTest" time="0.0" classname="com.selenium.testcases.portfoliosuite.LoginTest">
    <skipped/>
  </testcase> <!-- loginTest -->
</testsuite> <!-- Default test -->
