<?xml version="1.0" encoding="UTF-8"?>
<testng-results skipped="0" failed="1" ignored="0" total="2" passed="1">
  <reporter-output>
  </reporter-output>
  <suite name="Default suite" duration-ms="155691" started-at="2019-05-06T12:57:02Z" finished-at="2019-05-06T12:59:38Z">
    <groups>
    </groups>
    <test name="Default test" duration-ms="155691" started-at="2019-05-06T12:57:02Z" finished-at="2019-05-06T12:59:38Z">
      <class name="com.selenium.testcases.portfoliosuite.PortFolioTest">
        <test-method status="PASS" signature="init()[pri:0, instance:com.selenium.testcases.portfoliosuite.PortFolioTest@5e3a8624]" name="init" is-config="true" duration-ms="698" started-at="2019-05-06T18:27:02Z" finished-at="2019-05-06T18:27:03Z">
          <reporter-output>
          </reporter-output>
        </test-method> <!-- init -->
        <test-method status="PASS" signature="initTest()[pri:0, instance:com.selenium.testcases.portfoliosuite.PortFolioTest@5e3a8624]" name="initTest" is-config="true" duration-ms="240" started-at="2019-05-06T18:27:03Z" finished-at="2019-05-06T18:27:03Z">
          <reporter-output>
          </reporter-output>
        </test-method> <!-- initTest -->
        <test-method status="PASS" signature="createPortFolioTest(java.util.Hashtable)[pri:1, instance:com.selenium.testcases.portfoliosuite.PortFolioTest@5e3a8624]" name="createPortFolioTest" duration-ms="79012" started-at="2019-05-06T18:27:03Z" data-provider="getData" finished-at="2019-05-06T18:28:22Z">
          <params>
            <param index="0">
              <value>
                <![CDATA[{PortfolioName=TestingPortfolio2, Runmode=Y, Browser=Chrome}]]>
              </value>
            </param>
          </params>
          <reporter-output>
          </reporter-output>
        </test-method> <!-- createPortFolioTest -->
        <test-method status="PASS" signature="quit()[pri:0, instance:com.selenium.testcases.portfoliosuite.PortFolioTest@5e3a8624]" name="quit" is-config="true" duration-ms="1071" started-at="2019-05-06T18:28:22Z" finished-at="2019-05-06T18:28:23Z">
          <reporter-output>
          </reporter-output>
        </test-method> <!-- quit -->
        <test-method status="FAIL" signature="deletePortFolioTest(java.util.Hashtable)[pri:2, instance:com.selenium.testcases.portfoliosuite.PortFolioTest@5e3a8624]" name="deletePortFolioTest" duration-ms="73835" started-at="2019-05-06T18:28:23Z" data-provider="getData" depends-on-methods="com.selenium.testcases.portfoliosuite.PortFolioTest.createPortFolioTest" finished-at="2019-05-06T18:29:37Z">
          <params>
            <param index="0">
              <value>
                <![CDATA[{PortfolioName=TestingPortfolio2, Runmode=Y, Browser=Chrome}]]>
              </value>
            </param>
          </params>
          <exception class="java.lang.reflect.InvocationTargetException">
            <full-stacktrace>
              <![CDATA[java.lang.reflect.InvocationTargetException
	at sun.reflect.NativeMethodAccessorImpl.invoke0(Native Method)
	at sun.reflect.NativeMethodAccessorImpl.invoke(Unknown Source)
	at sun.reflect.DelegatingMethodAccessorImpl.invoke(Unknown Source)
	at java.lang.reflect.Method.invoke(Unknown Source)
	at com.selenium.driver.DriverScript.executeKeywords(DriverScript.java:48)
	at com.selenium.testcases.portfoliosuite.PortFolioTest.deletePortFolioTest(PortFolioTest.java:34)
	at sun.reflect.NativeMethodAccessorImpl.invoke0(Native Method)
	at sun.reflect.NativeMethodAccessorImpl.invoke(Unknown Source)
	at sun.reflect.DelegatingMethodAccessorImpl.invoke(Unknown Source)
	at java.lang.reflect.Method.invoke(Unknown Source)
	at org.testng.internal.MethodInvocationHelper.invokeMethod(MethodInvocationHelper.java:104)
	at org.testng.internal.Invoker.invokeMethod(Invoker.java:645)
	at org.testng.internal.Invoker.invokeTestMethod(Invoker.java:851)
	at org.testng.internal.Invoker.invokeTestMethods(Invoker.java:1177)
	at org.testng.internal.TestMethodWorker.invokeTestMethods(TestMethodWorker.java:129)
	at org.testng.internal.TestMethodWorker.run(TestMethodWorker.java:112)
	at org.testng.TestRunner.privateRun(TestRunner.java:756)
	at org.testng.TestRunner.run(TestRunner.java:610)
	at org.testng.SuiteRunner.runTest(SuiteRunner.java:387)
	at org.testng.SuiteRunner.runSequentially(SuiteRunner.java:382)
	at org.testng.SuiteRunner.privateRun(SuiteRunner.java:340)
	at org.testng.SuiteRunner.run(SuiteRunner.java:289)
	at org.testng.SuiteRunnerWorker.runSuite(SuiteRunnerWorker.java:52)
	at org.testng.SuiteRunnerWorker.run(SuiteRunnerWorker.java:86)
	at org.testng.TestNG.runSuitesSequentially(TestNG.java:1293)
	at org.testng.TestNG.runSuitesLocally(TestNG.java:1218)
	at org.testng.TestNG.runSuites(TestNG.java:1133)
	at org.testng.TestNG.run(TestNG.java:1104)
	at org.testng.remote.AbstractRemoteTestNG.run(AbstractRemoteTestNG.java:114)
	at org.testng.remote.RemoteTestNG.initAndRun(RemoteTestNG.java:251)
	at org.testng.remote.RemoteTestNG.main(RemoteTestNG.java:77)
Caused by: java.lang.AssertionError: The following asserts failed:
	Could not delete the option
	at org.testng.asserts.SoftAssert.assertAll(SoftAssert.java:43)
	at com.selenium.keywords.GenericKeywords.assertAll(GenericKeywords.java:384)
	at com.selenium.keywords.GenericKeywords.reportFailure(GenericKeywords.java:379)
	at com.selenium.keywords.GenericKeywords.validateElementNotInList(GenericKeywords.java:249)
	... 31 more
]]>
            </full-stacktrace>
          </exception> <!-- java.lang.reflect.InvocationTargetException -->
          <reporter-output>
          </reporter-output>
        </test-method> <!-- deletePortFolioTest -->
        <test-method status="PASS" signature="initTest()[pri:0, instance:com.selenium.testcases.portfoliosuite.PortFolioTest@5e3a8624]" name="initTest" is-config="true" duration-ms="0" started-at="2019-05-06T18:28:23Z" finished-at="2019-05-06T18:28:23Z">
          <reporter-output>
          </reporter-output>
        </test-method> <!-- initTest -->
        <test-method status="PASS" signature="quit()[pri:0, instance:com.selenium.testcases.portfoliosuite.PortFolioTest@5e3a8624]" name="quit" is-config="true" duration-ms="753" started-at="2019-05-06T18:29:37Z" finished-at="2019-05-06T18:29:38Z">
          <reporter-output>
          </reporter-output>
        </test-method> <!-- quit -->
      </class> <!-- com.selenium.testcases.portfoliosuite.PortFolioTest -->
    </test> <!-- Default test -->
  </suite> <!-- Default suite -->
</testng-results>
