<?xml version="1.0" encoding="UTF-8"?>
<!-- Generated by org.testng.reporters.JUnitXMLReporter -->
<testsuite hostname="Manish-PC" ignored="0" name="Portfolio Test" tests="3" failures="0" timestamp="18 Aug 2018 19:31:48 GMT" time="158.379" errors="0">
  <testcase name="createPortFolioTest" time="18.966" classname="com.selenium.testcases.portfoliosuite.PortFolioTest">
    <skipped/>
  </testcase> <!-- createPortFolioTest -->
  <testcase name="createPortFolioTest" time="9.21" classname="com.selenium.testcases.portfoliosuite.PortFolioTest">
    <skipped/>
  </testcase> <!-- createPortFolioTest -->
  <testcase name="deletePortFolioTest" time="0.0" classname="com.selenium.testcases.portfoliosuite.PortFolioTest">
    <skipped/>
  </testcase> <!-- deletePortFolioTest -->
</testsuite> <!-- Portfolio Test -->
